[ 2016-03-24T20:32:50+08:00 ] 127.0.0.1 /thinkphp_3.2.3_full/
INFO: [ app_init ] --START--
INFO: Run Behavior\BuildLiteBehavior [ RunTime:0.000010s ]
INFO: [ app_init ] --END-- [ RunTime:0.000066s ]
INFO: [ app_begin ] --START--
INFO: Run Behavior\ReadHtmlCacheBehavior [ RunTime:0.000442s ]
INFO: [ app_begin ] --END-- [ RunTime:0.000476s ]
INFO: [ view_parse ] --START--
INFO: [ template_filter ] --START--
INFO: Run Behavior\ContentReplaceBehavior [ RunTime:0.000023s ]
INFO: [ template_filter ] --END-- [ RunTime:0.000073s ]
INFO: Run Behavior\ParseTemplateBehavior [ RunTime:0.030952s ]
INFO: [ view_parse ] --END-- [ RunTime:0.031004s ]
INFO: [ view_filter ] --START--
INFO: Run Behavior\WriteHtmlCacheBehavior [ RunTime:0.000223s ]
INFO: [ view_filter ] --END-- [ RunTime:0.000251s ]
INFO: [ app_end ] --START--
INFO: Run Behavior\ShowPageTraceBehavior [ RunTime:0.000373s ]
INFO: [ app_end ] --END-- [ RunTime:0.000402s ]

[ 2016-03-24T22:42:16+08:00 ] 127.0.0.1 /thinkphp_3.2.3_full/
INFO: [ app_init ] --START--
INFO: Run Behavior\BuildLiteBehavior [ RunTime:0.000007s ]
INFO: [ app_init ] --END-- [ RunTime:0.000640s ]
INFO: [ app_begin ] --START--
INFO: Run Behavior\ReadHtmlCacheBehavior [ RunTime:0.000304s ]
INFO: [ app_begin ] --END-- [ RunTime:0.000331s ]
NOTIC: [8] Undefined index: echostr F:\phpStudy\WWW\thinkphp_3.2.3_full\Application\Home\Controller\IndexController.class.php 第 6 行.

[ 2016-03-24T22:42:40+08:00 ] 127.0.0.1 /thinkphp_3.2.3_full/index.php/home/index/index?id=5&name=dingpf
INFO: [ app_init ] --START--
INFO: Run Behavior\BuildLiteBehavior [ RunTime:0.000017s ]
INFO: [ app_init ] --END-- [ RunTime:0.000253s ]
INFO: [ app_begin ] --START--
INFO: Run Behavior\ReadHtmlCacheBehavior [ RunTime:0.000257s ]
INFO: [ app_begin ] --END-- [ RunTime:0.000285s ]
NOTIC: [8] Undefined index: echostr F:\phpStudy\WWW\thinkphp_3.2.3_full\Application\Home\Controller\IndexController.class.php 第 6 行.

[ 2016-03-24T22:42:56+08:00 ] 127.0.0.1 /thinkphp_3.2.3_full/index.php/home/index/index?id=5&name=dingpf
INFO: [ app_init ] --START--
INFO: Run Behavior\BuildLiteBehavior [ RunTime:0.000008s ]
INFO: [ app_init ] --END-- [ RunTime:0.000199s ]
INFO: [ app_begin ] --START--
INFO: Run Behavior\ReadHtmlCacheBehavior [ RunTime:0.000249s ]
INFO: [ app_begin ] --END-- [ RunTime:0.000275s ]
NOTIC: [8] Undefined index: echostr F:\phpStudy\WWW\thinkphp_3.2.3_full\Application\Home\Controller\IndexController.class.php 第 6 行.
NOTIC: [8] Undefined index: signature F:\phpStudy\WWW\thinkphp_3.2.3_full\Application\Home\Controller\IndexController.class.php 第 16 行.
NOTIC: [8] Undefined index: timestamp F:\phpStudy\WWW\thinkphp_3.2.3_full\Application\Home\Controller\IndexController.class.php 第 17 行.
NOTIC: [8] Undefined index: nonce F:\phpStudy\WWW\thinkphp_3.2.3_full\Application\Home\Controller\IndexController.class.php 第 18 行.
NOTIC: [8] Use of undefined constant TOKEN - assumed 'TOKEN' F:\phpStudy\WWW\thinkphp_3.2.3_full\Application\Home\Controller\IndexController.class.php 第 20 行.
INFO: [ app_end ] --START--
INFO: Run Behavior\ShowPageTraceBehavior [ RunTime:0.000409s ]
INFO: [ app_end ] --END-- [ RunTime:0.000455s ]

